Building DAG of jobs...
Using shell: /usr/bin/bash
Provided cores: 4
Rules claiming more threads will be scaled down.
Job stats:
job                          count    min threads    max threads
-------------------------  -------  -------------  -------------
combine_bed_by_chromosome        1              1              1
total                            1              1              1

Select jobs to execute...

[Wed Oct  9 01:15:53 2024]
rule combine_bed_by_chromosome:
    input: shuf.a.bed.gz, shuf.b.bed.gz
    output: combined/chr11.bed.gz
    jobid: 0
    reason: Missing output files: combined/chr11.bed.gz
    wildcards: chromosome=chr11
    resources: tmpdir=/tmp

[Wed Oct  9 01:15:58 2024]
Finished job 0.
1 of 1 steps (100%) done
Complete log: .snakemake/log/2024-10-09T011551.421198.snakemake.log
