Building DAG of jobs...
Using shell: /usr/bin/bash
Provided cores: 1 (use --cores to define parallelism)
Rules claiming more threads will be scaled down.
Job stats:
job                 count    min threads    max threads
----------------  -------  -------------  -------------
combine_in_order        1              1              1
sort_chrom_files       24              1              1
total                  25              1              1

Select jobs to execute...

[Thu Oct 10 01:00:45 2024]
rule sort_chrom_files:
    input: split/chr19.bed.gz
    output: sorted/chr19.bed.gz
    jobid: 37
    reason: Missing output files: sorted/chr19.bed.gz
    wildcards: chrom=chr19
    resources: tmpdir=/tmp

[Thu Oct 10 01:00:46 2024]
Finished job 37.
1 of 25 steps (4%) done
Select jobs to execute...

[Thu Oct 10 01:00:47 2024]
rule sort_chrom_files:
    input: split/chr12.bed.gz
    output: sorted/chr12.bed.gz
    jobid: 23
    reason: Missing output files: sorted/chr12.bed.gz
    wildcards: chrom=chr12
    resources: tmpdir=/tmp

[Thu Oct 10 01:00:50 2024]
Finished job 23.
2 of 25 steps (8%) done
Select jobs to execute...

[Thu Oct 10 01:00:51 2024]
rule sort_chrom_files:
    input: split/chr20.bed.gz
    output: sorted/chr20.bed.gz
    jobid: 39
    reason: Missing output files: sorted/chr20.bed.gz
    wildcards: chrom=chr20
    resources: tmpdir=/tmp

[Thu Oct 10 01:00:53 2024]
Finished job 39.
3 of 25 steps (12%) done
Select jobs to execute...

[Thu Oct 10 01:00:54 2024]
rule sort_chrom_files:
    input: split/chr5.bed.gz
    output: sorted/chr5.bed.gz
    jobid: 9
    reason: Missing output files: sorted/chr5.bed.gz
    wildcards: chrom=chr5
    resources: tmpdir=/tmp

[Thu Oct 10 01:00:58 2024]
Finished job 9.
4 of 25 steps (16%) done
Select jobs to execute...

[Thu Oct 10 01:00:58 2024]
rule sort_chrom_files:
    input: split/chr13.bed.gz
    output: sorted/chr13.bed.gz
    jobid: 25
    reason: Missing output files: sorted/chr13.bed.gz
    wildcards: chrom=chr13
    resources: tmpdir=/tmp

[Thu Oct 10 01:01:02 2024]
Finished job 25.
5 of 25 steps (20%) done
Select jobs to execute...

[Thu Oct 10 01:01:02 2024]
rule sort_chrom_files:
    input: split/chr21.bed.gz
    output: sorted/chr21.bed.gz
    jobid: 41
    reason: Missing output files: sorted/chr21.bed.gz
    wildcards: chrom=chr21
    resources: tmpdir=/tmp

[Thu Oct 10 01:01:04 2024]
Finished job 41.
6 of 25 steps (24%) done
Select jobs to execute...

[Thu Oct 10 01:01:04 2024]
rule sort_chrom_files:
    input: split/chr2.bed.gz
    output: sorted/chr2.bed.gz
    jobid: 3
    reason: Missing output files: sorted/chr2.bed.gz
    wildcards: chrom=chr2
    resources: tmpdir=/tmp

[Thu Oct 10 01:01:10 2024]
Finished job 3.
7 of 25 steps (28%) done
Select jobs to execute...

[Thu Oct 10 01:01:10 2024]
rule sort_chrom_files:
    input: split/chr17.bed.gz
    output: sorted/chr17.bed.gz
    jobid: 33
    reason: Missing output files: sorted/chr17.bed.gz
    wildcards: chrom=chr17
    resources: tmpdir=/tmp

[Thu Oct 10 01:01:12 2024]
Finished job 33.
8 of 25 steps (32%) done
Select jobs to execute...

[Thu Oct 10 01:01:13 2024]
rule sort_chrom_files:
    input: split/chr9.bed.gz
    output: sorted/chr9.bed.gz
    jobid: 17
    reason: Missing output files: sorted/chr9.bed.gz
    wildcards: chrom=chr9
    resources: tmpdir=/tmp

[Thu Oct 10 01:01:16 2024]
Finished job 17.
9 of 25 steps (36%) done
Select jobs to execute...

[Thu Oct 10 01:01:16 2024]
rule sort_chrom_files:
    input: split/chr7.bed.gz
    output: sorted/chr7.bed.gz
    jobid: 13
    reason: Missing output files: sorted/chr7.bed.gz
    wildcards: chrom=chr7
    resources: tmpdir=/tmp

[Thu Oct 10 01:01:21 2024]
Finished job 13.
10 of 25 steps (40%) done
Select jobs to execute...

[Thu Oct 10 01:01:21 2024]
rule sort_chrom_files:
    input: split/chr22.bed.gz
    output: sorted/chr22.bed.gz
    jobid: 43
    reason: Missing output files: sorted/chr22.bed.gz
    wildcards: chrom=chr22
    resources: tmpdir=/tmp

[Thu Oct 10 01:01:22 2024]
Finished job 43.
11 of 25 steps (44%) done
Select jobs to execute...

[Thu Oct 10 01:01:23 2024]
rule sort_chrom_files:
    input: split/chr11.bed.gz
    output: sorted/chr11.bed.gz
    jobid: 21
    reason: Missing output files: sorted/chr11.bed.gz
    wildcards: chrom=chr11
    resources: tmpdir=/tmp

[Thu Oct 10 01:01:26 2024]
Finished job 21.
12 of 25 steps (48%) done
Select jobs to execute...

[Thu Oct 10 01:01:26 2024]
rule sort_chrom_files:
    input: split/chrY.bed.gz
    output: sorted/chrY.bed.gz
    jobid: 47
    reason: Missing output files: sorted/chrY.bed.gz
    wildcards: chrom=chrY
    resources: tmpdir=/tmp

[Thu Oct 10 01:01:27 2024]
Finished job 47.
13 of 25 steps (52%) done
Select jobs to execute...

[Thu Oct 10 01:01:27 2024]
rule sort_chrom_files:
    input: split/chr1.bed.gz
    output: sorted/chr1.bed.gz
    jobid: 1
    reason: Missing output files: sorted/chr1.bed.gz
    wildcards: chrom=chr1
    resources: tmpdir=/tmp

[Thu Oct 10 01:01:36 2024]
Finished job 1.
14 of 25 steps (56%) done
Select jobs to execute...

[Thu Oct 10 01:01:36 2024]
rule sort_chrom_files:
    input: split/chr15.bed.gz
    output: sorted/chr15.bed.gz
    jobid: 29
    reason: Missing output files: sorted/chr15.bed.gz
    wildcards: chrom=chr15
    resources: tmpdir=/tmp

[Thu Oct 10 01:01:38 2024]
Finished job 29.
15 of 25 steps (60%) done
Select jobs to execute...

[Thu Oct 10 01:01:39 2024]
rule sort_chrom_files:
    input: split/chr18.bed.gz
    output: sorted/chr18.bed.gz
    jobid: 35
    reason: Missing output files: sorted/chr18.bed.gz
    wildcards: chrom=chr18
    resources: tmpdir=/tmp

[Thu Oct 10 01:01:42 2024]
Finished job 35.
16 of 25 steps (64%) done
Select jobs to execute...

[Thu Oct 10 01:01:42 2024]
rule sort_chrom_files:
    input: split/chr3.bed.gz
    output: sorted/chr3.bed.gz
    jobid: 5
    reason: Missing output files: sorted/chr3.bed.gz
    wildcards: chrom=chr3
    resources: tmpdir=/tmp

[Thu Oct 10 01:01:48 2024]
Finished job 5.
17 of 25 steps (68%) done
Select jobs to execute...

[Thu Oct 10 01:01:48 2024]
rule sort_chrom_files:
    input: split/chr16.bed.gz
    output: sorted/chr16.bed.gz
    jobid: 31
    reason: Missing output files: sorted/chr16.bed.gz
    wildcards: chrom=chr16
    resources: tmpdir=/tmp

[Thu Oct 10 01:01:52 2024]
Finished job 31.
18 of 25 steps (72%) done
Select jobs to execute...

[Thu Oct 10 01:01:52 2024]
rule sort_chrom_files:
    input: split/chr14.bed.gz
    output: sorted/chr14.bed.gz
    jobid: 27
    reason: Missing output files: sorted/chr14.bed.gz
    wildcards: chrom=chr14
    resources: tmpdir=/tmp

[Thu Oct 10 01:01:54 2024]
Finished job 27.
19 of 25 steps (76%) done
Select jobs to execute...

[Thu Oct 10 01:01:54 2024]
rule sort_chrom_files:
    input: split/chr10.bed.gz
    output: sorted/chr10.bed.gz
    jobid: 19
    reason: Missing output files: sorted/chr10.bed.gz
    wildcards: chrom=chr10
    resources: tmpdir=/tmp

[Thu Oct 10 01:01:58 2024]
Finished job 19.
20 of 25 steps (80%) done
Select jobs to execute...

[Thu Oct 10 01:01:58 2024]
rule sort_chrom_files:
    input: split/chrX.bed.gz
    output: sorted/chrX.bed.gz
    jobid: 45
    reason: Missing output files: sorted/chrX.bed.gz
    wildcards: chrom=chrX
    resources: tmpdir=/tmp

[Thu Oct 10 01:02:02 2024]
Finished job 45.
21 of 25 steps (84%) done
Select jobs to execute...

[Thu Oct 10 01:02:03 2024]
rule sort_chrom_files:
    input: split/chr6.bed.gz
    output: sorted/chr6.bed.gz
    jobid: 11
    reason: Missing output files: sorted/chr6.bed.gz
    wildcards: chrom=chr6
    resources: tmpdir=/tmp

[Thu Oct 10 01:02:07 2024]
Finished job 11.
22 of 25 steps (88%) done
Select jobs to execute...

[Thu Oct 10 01:02:07 2024]
rule sort_chrom_files:
    input: split/chr4.bed.gz
    output: sorted/chr4.bed.gz
    jobid: 7
    reason: Missing output files: sorted/chr4.bed.gz
    wildcards: chrom=chr4
    resources: tmpdir=/tmp

[Thu Oct 10 01:02:13 2024]
Finished job 7.
23 of 25 steps (92%) done
Select jobs to execute...

[Thu Oct 10 01:02:13 2024]
rule sort_chrom_files:
    input: split/chr8.bed.gz
    output: sorted/chr8.bed.gz
    jobid: 15
    reason: Missing output files: sorted/chr8.bed.gz
    wildcards: chrom=chr8
    resources: tmpdir=/tmp

[Thu Oct 10 01:02:17 2024]
Finished job 15.
24 of 25 steps (96%) done
Select jobs to execute...

[Thu Oct 10 01:02:17 2024]
rule combine_in_order:
    input: sorted/chr1.bed.gz, sorted/chr2.bed.gz, sorted/chr3.bed.gz, sorted/chr4.bed.gz, sorted/chr5.bed.gz, sorted/chr6.bed.gz, sorted/chr7.bed.gz, sorted/chr8.bed.gz, sorted/chr9.bed.gz, sorted/chr10.bed.gz, sorted/chr11.bed.gz, sorted/chr12.bed.gz, sorted/chr13.bed.gz, sorted/chr14.bed.gz, sorted/chr15.bed.gz, sorted/chr16.bed.gz, sorted/chr17.bed.gz, sorted/chr18.bed.gz, sorted/chr19.bed.gz, sorted/chr20.bed.gz, sorted/chr21.bed.gz, sorted/chr22.bed.gz, sorted/chrX.bed.gz, sorted/chrY.bed.gz, input.tsv
    output: final_sorted.bed.gz
    jobid: 0
    reason: Missing output files: final_sorted.bed.gz; Input files updated by another job: sorted/chr13.bed.gz, sorted/chr16.bed.gz, sorted/chr6.bed.gz, sorted/chr18.bed.gz, sorted/chr1.bed.gz, sorted/chr2.bed.gz, sorted/chr19.bed.gz, sorted/chr9.bed.gz, sorted/chr22.bed.gz, sorted/chrX.bed.gz, sorted/chr4.bed.gz, sorted/chr3.bed.gz, sorted/chr15.bed.gz, sorted/chr21.bed.gz, sorted/chr20.bed.gz, sorted/chr7.bed.gz, sorted/chr14.bed.gz, sorted/chr8.bed.gz, sorted/chr10.bed.gz, sorted/chrY.bed.gz, sorted/chr5.bed.gz, sorted/chr12.bed.gz, sorted/chr17.bed.gz, sorted/chr11.bed.gz
    resources: tmpdir=/tmp

[Thu Oct 10 01:02:47 2024]
Finished job 0.
25 of 25 steps (100%) done
Complete log: .snakemake/log/2024-10-10T010043.893732.snakemake.log
