Building DAG of jobs...
Using shell: /usr/bin/bash
Provided cores: 4
Rules claiming more threads will be scaled down.
Job stats:
job      count    min threads    max threads
-----  -------  -------------  -------------
split        1              1              1
total        1              1              1

Select jobs to execute...

[Wed Oct  9 01:32:43 2024]
rule split:
    input: shuf.a.bed.gz, shuf.b.bed.gz
    output: split/chr1.bed.gz
    jobid: 0
    reason: Missing output files: split/chr1.bed.gz
    wildcards: chr=chr1
    resources: tmpdir=/tmp

[Wed Oct  9 01:32:49 2024]
Finished job 0.
1 of 1 steps (100%) done
Complete log: .snakemake/log/2024-10-09T013242.057773.snakemake.log
